<?xml version="1.0" encoding="UTF-8"?>
<!-- Generated by org.testng.reporters.JUnitReportReporter -->
<testsuite skipped="0" hostname="Lenovo" name="rest_Api.Rest_Api_GET" tests="3" failures="0" timestamp="27 Jun 2018 14:39:45 GMT" time="7.949" errors="0">
  <testcase name="verifyPostElements" time="1.131" classname="rest_Api.Rest_Api_GET"/>
  <testcase name="testStatusCode" time="4.665" classname="rest_Api.Rest_Api_GET"/>
  <testcase name="verifyData" time="2.153" classname="rest_Api.Rest_Api_GET"/>
</testsuite> <!-- rest_Api.Rest_Api_GET -->
